5 213 242 256 206 208 
7 259 12 106 272 153 173 183 
6 265 112 154 143 84 274 
6 68 10 43 240 52 211 
7 282 114 219 205 252 97 278 
7 185 111 48 131 142 215 194 
8 0 95 258 89 35 266 47 229 
10 212 13 290 214 207 42 287 250 192 251 
10 85 80 245 204 177 160 139 238 51 100 
11 180 249 294 107 281 14 298 269 76 264 149 
10 116 103 62 125 102 202 195 147 219 66 
7 150 32 40 157 117 142 279 
6 180 105 200 232 230 215 
2 259 114 
6 216 144 38 242 231 149 
2 227 160 
2 125 120 
4 87 171 44 131 
5 167 72 220 225 156 
3 41 284 228 
3 184 8 272 
2 168 111 
3 99 223 135 
0 
0 
0 
0 
0 
0 
0 
0 
0 
0 
0 
0 
0 
0 
0 
0 
0 
0 
0 
0 
0 
0 
0 
0 
0 
0 
0 
0 
0 
0 
0 
0 
0 
0 
0 
0 
0 
0 
0 
0 
0 
0 
0 
0 
0 
0 
0 
0 
0 
0 
0 
0 
0 
0 
0 
0 
0 
0 
0 
0 
0 
0 
0 
0 
0 
0 
0 
0 
0 
0 
0 
0 
0 
0 
0 
0 
0 
