35 8671 3729 5670 6755 370 3248 1379 5186 9435 6119 5961 9615 7329 5071 6896 572 6264 9099 6074 5850 1247 5440 2836 4372 3099 9835 3778 852 696 9199 1248 9502 8521 8552 3640 
34 4622 9689 7902 9607 5986 6470 7771 1533 2650 9855 2048 9128 7278 6071 5034 5429 4130 6492 2492 3050 4495 8107 3793 4162 9040 8100 7258 975 5798 7830 3545 7725 9004 2686 
33 7135 1954 630 9189 4733 6644 7479 9829 4818 9068 232 534 5003 85 6630 9155 1461 631 8011 8234 4194 5207 2386 346 3787 423 1610 1413 2499 7813 5840 3164 4356 
36 5502 4017 539 8375 7715 6719 6436 4981 2405 3190 565 4656 8254 4476 8363 9948 1360 5650 6751 1591 5941 940 1105 1249 6530 2578 4821 8079 7756 175 2175 3183 1010 7068 5193 4601 
35 1091 5246 4229 2013 9967 8404 4370 1381 2213 7383 9175 7747 5472 3838 7389 134 336 1982 926 6260 1117 2215 933 6167 2106 9223 3339 6893 5439 906 9132 4930 9000 7319 8584 
35 9518 261 8817 6057 7254 2516 574 8505 7431 1312 9681 9386 9288 4426 6158 155 1523 67 5633 9987 2925 3726 2176 1886 1026 89 5399 3141 2307 1147 418 6186 2431 3556 6699 
38 96 5148 6143 4424 1227 7066 863 6761 6066 4376 2088 7499 8590 6365 9542 9407 2421 1794 6985 5947 2895 7973 9780 7411 1137 3692 2336 399 9686 1694 3869 8425 710 663 1541 1345 1183 6104 
36 6121 9663 6402 4198 4731 9269 6371 9954 101 4326 651 3451 87 9366 5442 1823 1460 6398 8288 7154 1629 6972 3060 790 5598 1435 2128 2980 1114 8925 9957 9466 9307 6498 5467 1209 
36 2116 3226 7694 7165 165 4889 5455 280 8697 4672 390 6295 583 5880 3727 9724 3366 6390 240 967 4442 6686 4529 470 7727 3757 779 7780 3742 4298 4060 2090 9978 4242 5065 8174 
37 6695 6438 2434 9274 4502 5314 1916 4271 8767 9547 2636 7297 7148 6378 2824 6261 7270 6485 8324 8900 7554 8716 5426 4400 4299 2296 6233 7409 3062 9996 1170 4820 2404 8681 421 7224 4266 
40 8403 5497 2741 6883 5445 4585 3681 5300 6163 9460 4258 6847 3139 8624 7203 9322 9218 7911 1455 3203 6109 3884 7766 7093 6379 8423 7030 8266 2760 6212 3276 3019 8230 5443 7543 437 2478 5799 4287 2577 
39 4087 9072 2947 9636 2324 2919 5192 6789 7617 4831 4797 467 9135 7283 6393 9969 7534 5155 4522 1590 227 2150 1441 3830 4943 5685 5189 8814 6813 3012 2664 4381 303 8787 4196 5333 990 4509 327 
38 8922 8687 6583 1583 4928 1048 4575 7762 243 7953 6035 2070 8844 8599 6385 3509 3490 5684 8366 5244 6569 6473 5628 8233 6228 1 595 3797 3815 1077 300 3224 1318 7844 3794 1625 7051 7706 
42 3897 78 7974 4307 2715 1125 4396 6931 8077 4075 635 206 2750 8830 996 9106 1392 5754 3812 8102 2359 9005 7675 8805 2006 787 1887 9741 8934 8429 3452 1399 923 2911 5835 7235 6401 2891 3261 5568 1631 5042 
40 5000 2456 8287 8053 7899 2449 5132 449 4007 1775 7954 3273 8106 4212 3701 3533 2817 2290 9213 3562 7446 9064 7210 9727 3131 8573 1635 1076 6704 3821 2550 1695 2717 4661 747 5353 9193 5346 1342 4951 
37 3880 7130 9071 5376 2333 4872 9011 517 2133 6865 4909 8386 732 1495 1073 740 8526 6142 1245 7354 6622 6577 3025 4714 814 4784 5826 7846 6048 1521 4465 6093 1759 4637 3028 7100 6790 
40 8388 7000 7538 3031 2585 5607 8383 819 9381 3534 760 1422 6108 5256 3346 9165 916 7067 376 640 3503 7952 8909 4398 4151 4172 7827 6697 2811 4362 6406 2476 311 7775 5968 4919 2974 9968 8232 4026 
42 3834 9208 4969 9463 6373 1634 3094 8617 4118 2011 2039 8075 1411 993 8009 8575 5352 2199 1372 3714 3210 1393 3917 9698 6994 4135 3243 5983 8507 4225 8943 8536 945 4276 524 5609 3435 3083 8293 5913 2773 1382 
40 7244 702 2198 8126 4375 7251 9519 7784 2969 8626 7624 3849 6796 9887 8560 5470 2470 8021 7238 4799 7873 7355 7779 6117 4274 537 8180 3129 7669 4200 2417 8029 570 9420 1375 2690 2979 2416 8171 6294 
40 6316 3021 731 4360 248 7765 9032 3546 8224 5103 5026 2280 6064 3067 1148 1031 9121 3440 6124 2104 7197 9017 4980 4811 4631 7896 5135 1738 2649 5583 3599 9239 5737 3064 3041 3404 9548 6897 8298 9033 
40 6579 9768 8251 4514 49 1030 6496 2308 3594 5833 1836 2880 8674 8196 6830 9888 9253 9051 7600 6899 5716 880 8271 2865 128 2155 9391 8976 7498 8274 6102 9203 3434 575 7656 9543 4505 3949 2638 2586 
42 4871 4078 7266 6731 4466 2443 1290 8867 3585 1620 1546 5960 2857 8043 6383 4993 1447 2576 9704 6982 6655 9380 8874 6151 5025 1404 447 9798 2003 116 9808 3214 8696 3491 1601 5572 1707 3296 2082 8901 7378 9226 
42 6263 6767 1809 7146 4393 4577 1156 427 6277 339 9115 7583 9268 3017 299 8477 7574 1953 8362 7360 1229 960 6426 2964 9001 7943 6409 5591 2625 5265 2111 8988 7452 2958 9453 7055 2652 2447 3872 861 9461 7677 
45 443 7513 3119 3857 2554 1291 743 8532 8218 1219 9674 6003 7200 5223 2580 1873 3765 8497 7046 8431 4994 167 6923 394 3173 3196 3871 194 8803 8720 2277 706 2411 7083 9582 9257 5594 275 20 3065 1810 4880 6814 5620 4907 
42 9200 5438 5157 468 7014 479 3355 413 9002 1054 9059 6290 9 4479 6563 2794 6727 5284 5091 422 8394 4785 8802 2940 9035 2477 1140 9550 5499 1028 5403 2959 9291 6545 8564 2987 8773 4181 246 4842 4489 1304 
45 6450 358 9719 8936 7291 3573 9281 8041 136 8121 7679 2854 2847 6747 3848 8257 8010 2923 8798 7778 9494 1319 6392 6519 5745 3002 1199 435 4076 2718 8419 1934 4736 977 798 6804 5773 1907 4876 7660 335 6300 6010 196 6828 
39 6311 8374 4851 2253 4972 12 9717 7967 7692 7579 6787 4531 6230 1281 8331 2241 70 6181 8409 4781 1905 4858 8731 7078 527 2 9365 5781 4220 419 9869 9856 3121 2197 4754 4635 4045 2707 8986 
42 5886 4602 6551 7926 5247 359 7606 5531 9788 874 6582 2647 3722 8616 3386 9771 6861 4705 6629 3850 1193 6244 5643 4931 4992 1371 894 7011 4332 7138 1396 7223 3003 999 4402 610 9693 4755 9706 1555 4963 1582 
43 3464 8605 7763 4742 4679 1816 1158 4262 8542 8452 4457 3578 3522 1211 5104 53 5344 737 426 41 4629 8205 3228 284 8408 4182 2024 9521 2244 8983 4175 2042 9670 5696 1741 338 9123 8529 980 8220 694 9050 7924 
44 3479 360 7963 3581 9690 7158 5280 2194 8911 6058 5978 7745 1567 5599 3895 1482 8978 5123 4738 1606 108 2532 1003 9186 2058 9324 9205 6144 3744 2985 4248 2073 210 8710 7186 5748 755 550 4469 1516 2412 8884 9886 7946 
47 6022 5837 7129 3469 597 8133 7523 2340 2272 3407 1729 366 7732 720 7181 2561 2338 1515 4596 4351 7862 4782 4094 3442 7481 4816 4588 2345 992 8941 1434 8647 4899 2774 9759 5944 3082 361 7979 5715 5483 3664 199 4761 3437 4641 273 
46 4255 5409 7893 7539 6320 4213 4005 1139 269 8435 6743 5749 3325 8343 5261 6077 5156 4573 4209 1284 9900 9338 7462 5480 398 9964 8372 921 6162 3687 891 5681 4603 6046 4568 1165 6080 293 9374 8721 7710 5739 3887 1829 7972 5996 
46 130 9069 8520 2683 2556 5726 1574 4638 3275 2788 1315 7936 7477 3741 2870 9478 6597 5474 2761 9803 6826 851 9845 9517 3320 9818 9204 1612 1668 9174 44 8061 2035 2089 8003 563 4539 5994 5580 4716 3856 982 5337 3264 5357 558 
44 1537 2845 2841 6656 2074 1355 6797 9184 6494 353 7352 2850 2771 9758 9094 6986 3875 6251 8460 6590 2081 1971 9041 7323 7522 2402 6514 4205 2849 6214 4179 3475 4883 4668 4358 3377 1960 1231 9867 3098 1279 9079 4452 1671 
48 7269 4339 774 2083 1377 3415 6210 4766 2000 5239 6081 6037 6321 2790 7586 6123 1888 434 9192 4906 624 9096 5418 2933 9134 7469 1157 9448 8489 1478 816 8726 8463 1851 824 3476 854 8812 7991 7020 6234 4687 5444 1944 4996 1568 4713 1115 
43 504 247 4413 3051 2766 2688 1798 7607 1608 1553 1757 7668 6720 6009 2132 1013 2314 6567 4059 9622 9546 8253 4823 458 9479 5814 3852 8949 6742 1006 6240 3882 5231 6411 5757 4526 2639 476 9246 7970 7338 4460 7671 
47 2544 5772 6033 4934 9600 6075 4987 3547 2787 1681 1000 8804 8500 3353 6998 4548 2978 2242 6454 714 625 3908 9631 8294 8276 3677 8620 8559 7611 5078 1632 5329 3694 120 114 6914 5203 4154 9923 8958 7909 6357 4323 3034 2461 363 380 
45 9739 9614 8993 8914 6703 2906 9935 636 6060 1081 8094 6858 5321 5308 1981 9201 7374 4051 5807 5079 4581 4533 2022 6478 5736 2206 2191 7708 4515 2178 2542 3001 2757 1228 189 9285 6643 6016 4016 2225 1214 4948 9373 2064 5015 
45 6012 670 9097 7007 4986 8135 3221 8176 5920 2604 6841 5615 5407 8579 7010 6457 2014 1042 9450 1918 9667 5847 5621 7509 5185 4015 3758 1222 5945 9301 5644 3311 2007 258 7346 436 7331 5871 2916 2214 367 521 5933 2231 4481 
46 5153 393 5085 4455 838 9743 7713 4900 3540 2084 9611 1940 1022 764 516 9716 8999 7141 7121 6667 6092 962 7368 4935 5296 4486 9928 8130 8724 7453 5789 1418 1159 424 6993 6735 4564 8955 6381 5198 3792 2453 1818 4042 8906 7858 
44 8012 3153 8972 5463 2161 7937 6297 9924 9452 8832 6040 2185 7220 4301 2702 1035 2784 895 107 50 9403 6141 4254 8499 4862 2165 9511 7785 6337 4698 5524 4115 3718 1479 4970 8719 5538 4270 1609 4924 3645 9983 3111 9060 
47 1109 6641 585 581 5640 8669 6090 7 8096 5288 1017 8550 6375 2955 9498 8541 5125 8779 9508 7108 6675 4666 4403 3176 9173 3130 1526 9910 4770 3894 3488 3073 545 98 7405 7308 3132 1027 8665 7213 330 5233 2861 2708 1192 4170 2341 
46 2659 937 914 7815 1883 7379 6293 1368 7396 6811 983 3161 2970 6200 9344 4964 2762 347 314 8329 5632 1743 6094 5469 3688 7239 2077 1972 1676 4253 721 4521 3985 8833 4144 2491 9107 8957 2885 5973 4995 4692 3835 6701 6296 580 
47 3743 3394 8544 7252 3632 2071 637 8850 8511 7529 9194 8752 7597 741 9493 6237 1066 1059 3159 5630 5616 2803 6113 4176 63 5821 2643 842 828 6775 5617 9770 4918 3956 9799 3618 3232 1572 6364 9400 9170 5585 3284 9504 9111 8132 7236 
46 5992 5044 4009 3565 9828 4771 3754 1745 1511 9145 7105 4966 4041 593 6587 2996 2157 745 9585 3774 3297 7178 4775 4681 3673 8162 8604 8032 7764 997 8569 8845 4063 6639 1943 7931 7212 1861 4839 2904 1949 5820 5679 7263 5082 4566 
50 2685 2127 7458 6950 3307 193 7505 6462 3748 3103 2530 826 8349 7961 7613 3187 4905 3385 484 5175 1366 9577 5893 727 3426 1828 1421 8488 3904 308 7388 7185 5068 4033 847 8097 2777 5970 5918 1834 9740 9526 8256 6891 5136 1337 9620 9363 8039 185 
49 7305 6898 4689 3822 3194 2727 8201 3818 2752 8193 4227 3634 1269 7099 8565 4235 2934 328 7395 6099 259 7110 4387 138 1063 7886 6900 2504 1781 9278 7947 7009 4335 2611 1034 8627 7116 5326 2912 9879 3342 873 9997 9558 8112 6045 3686 8733 2397 
51 699 2535 9393 7298 5491 2295 9022 7737 4070 6245 1112 979 143 9599 8869 5428 5298 2709 7592 4594 8570 9777 936 2310 1412 5496 959 7070 4985 8498 8370 6187 4202 4034 505 8273 2678 6051 9837 8049 7156 1133 2963 9454 6453 2435 489 4877 2710 1731 7942 
49 6548 9731 8828 6540 8956 8792 6974 8864 4913 3638 9852 8863 3364 2019 1876 7542 5741 1021 109 32 9618 3702 4532 976 6846 1483 2776 368 316 8247 5414 4610 3117 758 3163 2433 8611 7507 234 9589 6845 1354 357 132 6607 3720 4667 3336 5415 
47 2343 8512 3760 8084 5106 2594 503 5335 6922 6324 2096 9102 2984 345 6013 5728 3912 3873 3253 912 9061 5126 4891 4704 1621 9337 5839 4342 2306 9914 7817 8159 5365 3497 3382 2691 2982 1347 9805 9703 7025 6968 8487 8270 6421 9725 3140 
49 2509 7847 4216 3616 8002 8530 5810 7687 3721 2813 2725 681 5549 1466 1825 9484 8962 5600 4853 3384 5330 4640 3396 2099 7879 7199 1326 1129 7604 7419 7261 348 9095 6698 3710 9792 5069 4828 4547 1576 5057 4660 3453 9532 8473 8229 6766 6595 1783 
47 7933 8897 6776 4461 8479 8384 9044 8840 9998 9300 9066 6647 7906 6073 4856 548 8742 8342 2173 1019 7649 6817 6114 5447 7366 9897 9520 7913 5977 8602 8054 2998 9464 6515 312 8240 8059 3251 2362 8028 667 410 8944 2030 9370 4855 4093 
52 3254 8250 8101 6806 2284 3 3842 1705 8042 5936 4645 4419 3201 4620 4700 166 8551 7569 3898 9472 9083 8381 1692 795 654 466 4186 2458 2409 1038 1711 1654 1198 1087 9108 8965 8513 9070 2676 9646 7127 5486 1662 915 354 8340 7651 1101 8360 3023 8317 4579 
51 2626 55 7816 7796 6333 5184 2240 526 9167 1664 567 4273 879 16 8639 6208 4014 2468 9237 2822 5087 2164 9248 9232 2454 661 576 6183 4167 4103 91 9409 8670 7460 4773 201 8226 5753 5305 4282 8456 4859 3395 1615 7793 7142 7133 6586 5235 3963 4613 
49 3429 2008 377 9345 7742 7172 5698 2749 1563 6286 5114 3069 6610 5216 4611 1141 6571 5883 3408 2419 7225 1216 5272 9052 3334 1831 683 1948 2829 6749 8896 7840 4524 2131 3058 2258 292 9036 6135 6025 4237 970 7801 7782 6467 981 6285 5919 2261 
51 5215 3719 249 9941 6471 4079 6355 5293 869 4590 8793 7053 6620 5946 5851 5655 4291 3855 9528 5227 725 7724 1945 4267 1685 131 9921 5803 5603 8829 5626 8297 4516 8146 6070 2394 9321 8163 897 7751 3052 2297 2274 2028 356 7249 7247 6646 609 9864 552 
49 4473 2798 2489 8967 6860 7655 7391 3379 905 9926 9789 213 8886 4268 3124 1180 800 4657 4210 1993 1967 1425 3649 9451 5629 4707 2712 8940 7752 5050 4795 4669 2863 1600 9993 9299 9214 7333 5874 5515 2634 5046 2632 8747 7828 4058 3669 2108 8183 
50 6281 7164 4327 3145 9617 6880 6188 3333 2525 7928 5506 4203 3749 3436 141 8200 4512 7528 4192 1703 9870 9019 7855 5310 2892 1177 888 8651 1624 9507 6278 4347 3375 170 493 8882 7576 302 8161 7418 821 9429 9018 7553 7031 3891 2621 1374 31 3393 
50 8438 2315 9594 7024 6648 3188 2303 3755 2730 1487 544 9669 6801 1653 8400 4812 4758 1773 957 5194 9586 8214 6615 2441 736 7755 2086 1043 775 643 8078 4719 2252 7977 4788 3231 2249 7770 6310 6213 2029 7738 7018 6298 4169 3146 4226 15 7581 6882 
52 11 9890 9793 6566 3715 588 3335 2705 1589 473 7993 6465 2957 1171 209 8258 4915 4286 3611 2271 8785 307 9537 2981 1065 180 8717 3262 1894 6352 6254 4126 6031 5570 2377 8211 5648 9055 6369 2670 6724 5959 9008 7716 6076 9726 5902 5370 4825 1626 8952 342 
53 5451 9973 7277 6827 8450 8015 1203 6976 6784 1287 3152 2518 1877 267 9211 6536 2123 5667 2285 9342 5064 3487 2720 8261 9043 8335 7163 6777 5950 244 9120 6916 4805 3134 1463 9712 8794 8283 9279 8769 7670 4752 590 9854 6969 3828 1166 9141 8644 5066 3298 2517 4973 
52 2207 1500 3602 3006 1339 5925 4289 3063 2372 713 2942 481 233 8862 8339 6039 7700 7157 1898 1639 1468 8215 3213 65 6400 9679 8259 5534 4927 3417 3045 5637 3886 215 3647 3604 778 99 9258 6202 5230 6557 6152 5990 3246 9117 8269 154 7634 6199 1536 3044 
50 8545 8014 6909 6194 2809 1964 6835 6664 4694 3959 2951 9359 7205 4911 2557 508 8491 5219 4627 1473 5738 3974 8475 7672 1811 7632 4890 1508 812 9713 8937 9813 9606 4921 3932 2896 7749 3612 8008 7211 7195 7786 1493 9933 6857 3684 2162 886 3309 5197 
50 7347 6334 2770 2568 1023 9873 7795 7580 4456 1225 9183 6259 6055 5658 4956 1830 8424 8249 5989 9216 7054 431 6715 1661 1033 600 9705 5942 9084 6977 3128 9379 7854 3926 881 9289 8127 6043 6756 2033 1565 9538 5733 5388 8991 1474 8051 5338 4382 9497 
55 525 8169 6726 5765 4677 2222 5109 4895 4083 3643 6657 179 6708 3631 3589 9779 4937 8729 7182 8578 5999 5768 5493 5473 2700 6168 4708 542 7547 6988 3403 7960 6447 5614 4256 2616 931 925 9922 8959 7262 3162 1726 277 6218 9490 8728 6689 4861 6065 5801 3155 1586 8588 3282 
53 6525 8145 829 783 8780 3836 3525 6739 5636 3703 7340 6723 3225 3076 9025 6134 3918 3474 1975 1603 7039 4721 2484 47 7966 5142 4551 2540 2140 290 253 9357 8080 6722 6164 1449 1357 7530 5818 4032 7921 7356 6650 276 5174 2879 1927 1278 6556 4352 973 260 7038 
55 7096 4068 2367 7609 7228 7176 4218 2541 401 9182 7776 2018 6138 9625 9541 9251 4511 3788 1998 6184 5162 9752 4190 408 9467 9465 371 4269 1658 8280 7088 2281 313 9220 8753 7614 7401 2180 1512 6869 633 9673 6098 4098 3924 2260 1789 9474 8531 7109 4390 6884 5295 4406 750 
49 4445 9849 8596 6864 6611 4787 2275 8811 678 156 9685 9576 9557 9139 6394 6067 4195 3454 117 8954 5101 4953 2228 471 8222 6799 6273 5574 3672 6431 5665 2067 858 7560 3771 297 4116 2526 9650 7836 5876 4440 8856 8348 3841 172 8847 3993 8260 
53 1070 791 6464 5868 1919 5360 5092 4520 3332 8688 8027 7515 6403 266 5522 5283 4892 3653 2990 2076 1317 2613 1044 793 8528 7139 5526 3654 2390 759 488 176 8405 3560 2694 8977 6876 5206 1164 3878 1311 8167 7013 5595 5205 6354 5793 8024 3940 3303 1270 6793 2537 
53 7091 1472 6112 5934 3494 3091 698 4357 3657 3506 8668 7500 6458 5782 5543 4318 2948 8583 6521 3500 2392 8426 8265 5401 4945 4574 608 8493 6759 5145 4433 7743 8158 7739 3527 9682 3961 2001 5802 3447 511 9628 7922 3784 1197 568 7697 3583 2587 2581 9878 8023 2438 
56 1090 4411 2546 1796 256 9153 5729 3127 1987 1015 1790 9593 8960 3997 3991 1153 1072 8548 7149 6096 4836 2495 1262 1134 8071 7420 4621 3421 8822 7040 2973 2219 222 7695 6248 5552 4608 1846 9786 7082 6877 5392 3242 6844 5766 9058 3227 1075 133 6802 5708 523 7427 6349 2976 9596 
55 2779 686 6995 6959 5688 6459 5940 5718 1458 8228 3467 2732 1538 8861 7790 2355 1453 9812 9763 5465 1445 8187 4959 4746 3100 3075 2887 6175 5318 5097 2884 7466 5824 5518 4146 8825 7915 6920 4155 561 8646 3552 2972 2080 9062 8212 1784 709 697 6126 4869 892 8666 7646 4127 
57 7059 6346 4908 2380 7162 9661 7102 6663 6516 5903 587 6936 6339 5433 238 7447 6621 1841 896 145 6820 4865 8592 6363 4628 4378 4322 3968 2877 2196 9626 5163 5022 2265 1476 1040 7605 5759 4474 9718 6570 5094 2200 1111 2747 9894 9563 7303 9942 9073 7566 2838 647 6166 5811 5588 4971 
55 5128 9761 5363 5422 4768 1969 8433 7501 7435 7189 642 592 9330 9195 8221 6528 5127 4850 4345 3480 8244 7456 7444 6592 3777 1122 9468 9054 221 9425 7478 7465 6410 5605 3093 500 432 8323 7371 6559 9575 6223 5402 4597 2349 515 5475 3504 1826 1152 3559 1095 899 9441 4315 
54 7721 4902 3660 3390 3234 8307 8144 7506 1549 9318 7372 2254 1914 291 9764 6241 7994 3734 82 9078 8990 6888 4391 8445 34 9329 8415 6482 2764 8702 7856 5704 3975 2291 1256 384 6444 5049 1839 8470 6235 5546 4279 2488 1673 3202 6600 6461 6274 3027 2672 5151 3514 9424 
56 2059 9358 2292 1819 9476 4443 4159 4031 2429 2105 229 8806 8494 4709 9326 6934 5997 5009 9794 5912 5421 4536 4110 3807 3530 703 7028 6509 2052 1801 1714 9647 8284 5668 5213 2789 8676 5462 4654 4275 2026 7324 6692 5307 4261 3548 3289 7003 3178 2247 1309 9428 8255 7294 7037 7134 
55 6466 5287 682 9980 8202 6674 5255 4808 4600 8289 2510 1897 9995 8913 7633 2121 1547 6733 6001 878 9696 5240 2342 9581 4178 835 9825 7390 6432 4428 1525 3907 2656 8870 4334 8948 5523 1403 5311 4664 3499 1968 1074 5879 4867 4498 3055 9936 9397 3900 3564 1736 9470 9265 6169 
57 8749 950 203 9349 9140 7304 3980 3167 1701 900 5182 5048 2167 169 9109 2571 8462 2658 9601 6928 1327 8663 5236 4802 3587 5601 2536 9912 4140 1929 4157 3511 2466 6542 3698 152 9745 4101 415 2122 1123 656 6783 4863 2148 1924 61 7934 514 9317 3883 1014 6510 6416 907 8123 5631 
56 6960 6867 2192 1930 1297 1064 4983 9641 4553 4619 3691 2529 321 7234 6947 2354 2130 5859 4847 918 4435 2875 9432 9160 4086 8026 7321 6343 5527 1642 768 9306 8907 9992 6338 3326 2498 7731 5332 5259 2758 7047 6585 4893 149 6475 5756 4541 9637 4540 3543 30 5377 5038 4873 5979 
56 2327 8969 5134 4215 5152 2046 8577 5237 4879 1644 73 617 8033 105 7657 6736 5706 1860 343 794 9624 7733 3768 2049 1224 535 3486 3206 5477 4388 559 4878 2360 9207 6439 7741 5550 4028 9282 5932 4361 9030 5028 1623 7041 5846 4380 265 9747 6961 2944 5558 472 64 8465 7132 
58 3930 669 9642 3207 147 8781 2607 1912 4311 3859 3646 3582 9821 4767 1785 601 7996 5533 4350 3658 844 577 8263 6837 6807 5714 4501 1889 8359 4197 9804 4576 2527 2326 455 9414 7171 6895 1195 5275 2902 1426 7834 7339 5863 5158 3318 3018 2060 1723 7618 8815 8725 3260 8690 7629 3406 2637 
