2 7468 7678 
1 2591 
2 8227 5067 
2 7227 1626 
1 4796 
2 7948 1190 
2 2418 8727 
1 7206 
2 3202 7376 
2 2736 8994 
2 2573 5891 
3 9927 9569 7105 
1 4887 
1 5982 
2 8890 1880 
1 1855 
2 9459 6610 
1 7110 
1 8563 
1 3560 
2 7716 6753 
1 6517 
2 2660 3246 
2 2176 820 
3 1817 4476 1403 
1 9287 
2 9121 5071 
2 8670 7433 
2 4027 7813 
2 1135 6527 
2 5991 2939 
2 2384 4471 
2 7325 4818 
1 5903 
2 8967 4325 
2 3647 7581 
2 5480 2445 
1 1000 
2 5091 6441 
1 1339 
2 3539 8722 
2 6544 8345 
2 476 6600 
1 7632 
2 7013 978 
2 3321 2528 
2 306 2669 
1 6686 
2 2718 6018 
1 2887 
2 2053 4023 
2 3654 1159 
2 8088 9049 
2 6321 4941 
2 5983 7809 
1 8824 
1 492 
2 8773 5226 
2 8071 7600 
2 3358 4557 
4 8306 4390 7182 8013 
2 1399 7458 
2 1192 1344 
1 2758 
2 6190 3559 
2 5441 5230 
2 7575 8596 
2 7804 8730 
2 9954 1284 
2 6377 4793 
2 1376 8139 
3 9377 6521 5449 
1 4469 
1 773 
2 8303 9489 
2 4646 1452 
2 9483 3341 
2 8965 3936 
2 3760 218 
2 4411 3491 
2 4011 5059 
1 9824 
1 7025 
1 180 
1 9723 
3 6039 2212 5272 
1 1555 
2 3608 9868 
3 1067 3028 5618 
3 4829 2346 9999 
2 8192 7909 
2 9925 2430 
1 5968 
2 3708 7061 
4 563 8968 9451 8895 
2 7444 3207 
3 3578 7613 1015 
3 6252 364 8330 
2 8253 3111 
2 719 9803 
3 1178 1844 4181 
1 7773 
2 2288 2620 
3 4679 3696 3638 
1 5886 
2 1381 4483 
3 6879 5513 7264 
2 9252 9520 
2 9550 9359 
2 9763 2951 
2 4070 9515 
2 4138 3507 
2 9044 1114 
2 3381 5578 
2 872 6960 
2 7122 3870 
2 9251 9360 
3 8184 1778 9530 
2 7464 5478 
3 8578 3709 9921 
2 4528 1545 
1 7621 
2 8402 8753 
2 3827 4778 
3 2297 1563 8433 
3 7147 2007 3185 
2 4420 229 
2 5553 6090 
4 7355 7362 5597 7509 
3 1208 3614 3755 
2 1319 7760 
2 7284 368 
2 4006 4301 
3 5649 23 7482 
3 6591 389 5646 
4 6912 6515 9750 7239 
4 6031 8605 4052 9601 
3 5444 1706 251 
2 5371 4417 
3 7109 9186 7522 
3 6463 807 8625 
3 7990 6665 8048 
3 6403 873 7972 
3 666 3824 437 
3 9349 4736 1064 
3 1803 5969 3388 
3 311 1023 9693 
2 2412 3861 
4 8711 7015 1087 1662 
3 7347 4329 1713 
3 499 9346 2308 
4 5332 8788 8119 1680 
2 1146 2866 
4 3147 1027 8397 995 
2 1105 6834 
4 3291 2486 2593 2491 
2 4520 835 
2 3225 5979 
2 7075 766 
3 9418 4022 6935 
2 7684 8553 
2 1246 1973 
2 4868 6080 
4 7506 5296 6520 3378 
4 4467 5780 9048 3749 
2 310 1140 
2 4588 6143 
2 7453 240 
2 4838 8047 
4 3362 3088 1131 2038 
2 7913 1998 
2 9249 4949 
3 7108 1922 1956 
3 1874 1061 1022 
3 2015 3230 923 
3 943 8070 6828 
4 6583 0 5953 2090 
5 7779 6238 3298 3887 2862 
2 9019 1018 
4 4717 8571 5950 7568 
2 8719 9910 
4 4644 9914 2463 3517 
2 7346 2448 
1 1546 
1 2709 
4 1529 641 722 8301 
2 4317 3367 
2 2177 7713 
2 9740 1356 
1 5254 
2 2541 8000 
2 1785 5573 
3 5975 7767 8046 
2 3729 3086 
2 7655 9525 
2 5985 9642 
1 4604 
3 8422 446 1507 
1 2265 
4 8758 2099 262 7053 
2 8111 4321 
3 7862 4048 89 
5 9913 1002 233 594 3324 
4 2751 174 2502 4189 
2 3193 3288 
4 9449 8878 5562 1562 
5 6745 1143 5742 7519 638 
2 6744 7432 
4 4352 5281 9600 4922 
4 9864 7383 3705 7368 
5 1206 1695 4065 2693 4580 
7 4948 2717 9579 5919 3252 5821 868 
6 7379 1194 384 1427 4337 5775 
4 8599 8982 3809 7833 
6 4836 1037 613 5813 8606 4760 
6 768 8546 5914 3272 6499 5084 
6 908 3767 3161 3694 4191 2134 
6 211 2944 2359 4361 6988 2851 
7 1269 7196 4523 8245 9509 1751 1594 
7 5245 2981 3751 1776 9519 1736 1682 
6 4450 9436 4629 2812 605 3633 
4 9372 1821 1118 3134 
8 7891 5679 6319 7113 1670 6207 6911 8934 
7 9985 8290 6208 408 7483 8929 5147 
6 1433 3145 4559 4419 1478 562 
6 549 39 6129 486 3312 6995 
4 8679 1442 879 6226 
6 5721 5307 1421 1411 8340 1439 
7 6913 2171 3508 798 8815 6509 8251 
8 3739 379 1459 3774 3389 454 6365 438 
8 8792 8102 3986 1789 9732 5325 2411 9404 
7 6548 789 4810 2191 7844 2617 391 
8 6076 9920 6855 388 264 9840 8278 2408 
7 8373 8793 2343 7835 2481 3903 5244 
7 6647 894 8200 2678 576 9663 4177 
8 6150 9109 3163 2977 8886 2237 4500 2269 
8 2112 5295 2710 5498 9258 6914 1652 9024 
9 3693 1040 137 5317 6801 9021 7218 7997 5370 
9 3334 3557 5382 7534 584 5589 1586 6348 9069 
8 3580 1676 7662 6382 2582 5705 7771 5665 
8 9289 8028 636 8632 9528 31 6060 5575 
8 854 7609 249 693 3635 3926 3890 9099 
8 6200 8326 9636 8975 4465 9541 3504 1293 
7 6222 9754 5909 1016 8809 1642 6514 
8 4435 6825 2777 7153 1763 4438 4005 4996 
8 8950 5437 2649 7940 3516 5141 7068 5348 
9 6293 6762 688 6692 350 7854 9986 3536 1708 
8 9744 6541 7119 7528 8661 2654 7152 4823 
8 7373 7097 742 6904 3964 8946 2615 7904 
9 4255 3030 799 4058 1610 3178 5533 8490 4600 
8 6607 6197 3650 1959 7280 9301 4492 6 
9 7088 6547 5858 3027 8244 9848 2747 8762 1408 
8 4214 6910 1286 4084 3515 1021 7753 8430 
9 8073 9702 3833 5954 5255 8031 5828 5669 4662 
6 4068 5134 4100 1289 8913 8080 
9 3325 1560 9462 3135 7599 2825 4763 3337 4811 
6 8996 9686 3008 6477 4275 6817 
7 4709 5140 8348 3552 8780 7899 2806 
8 9735 9563 9463 2476 6397 9076 2298 831 
9 5377 5711 6333 4405 6581 8958 4412 6518 9648 
9 7929 9613 4744 318 1316 5851 4774 3620 4432 
8 7957 4830 3778 8173 25 4373 8581 1426 
9 457 9804 9229 5169 905 2619 6845 3265 2961 
7 8038 7778 9055 6072 4950 8319 9484 
7 4249 8189 7680 600 2125 6889 7496 
7 6735 9817 4493 884 3315 1088 4614 
8 1422 5557 8830 6298 767 9609 9253 6371 
10 6430 3530 8035 9403 5343 6622 5344 4936 3503 3871 
7 6484 4470 5864 7815 7056 3733 6032 
10 2166 6740 9737 4636 881 4727 5997 6015 3850 5225 
9 7314 9090 3430 5593 81 6320 8568 3742 4127 
7 4802 7635 5802 940 5561 1385 7093 
9 7561 6480 4135 7971 71 1893 4320 5190 8925 
9 3311 2954 7501 1513 589 7275 129 5811 1374 
8 9897 8520 867 7703 3297 5604 8276 2625 
9 474 2074 9138 313 2510 8999 5883 7146 8594 
8 864 3104 4698 5168 6114 3330 1285 1699 
6 2147 3061 684 7947 6614 2172 
6 4043 6560 819 3091 6124 3020 
7 3257 643 8297 1666 581 9865 948 
7 8204 852 2760 5639 258 1216 1107 
8 9503 415 9072 97 9385 712 8718 2873 
7 5658 6245 2896 5000 4530 1035 9956 
7 5717 3433 8077 1416 9585 6170 8443 
10 3758 4475 3566 4939 1842 9880 5734 5197 8240 6127 
11 1978 3055 3655 9845 8099 7176 3689 9231 5910 5776 2878 
9 7952 4913 6850 2805 7330 7658 8356 1882 7784 
9 6724 1186 7650 5635 6894 5621 5570 5842 9461 
8 6327 6597 2882 6540 5556 9862 2983 3931 
10 6965 9011 3669 494 7679 8394 4573 8230 2677 5159 
9 6645 935 4772 9748 3810 5164 3702 4925 2936 
8 7150 320 3438 687 3320 440 6158 5404 
8 1113 624 230 8819 7367 9966 6322 4716 
7 622 8239 9548 2759 3957 7601 7527 
8 1970 1721 1177 7924 723 8845 7050 1009 
9 7438 3685 6387 7711 8935 8473 8726 9533 9532 
7 7988 5479 1533 362 609 432 750 
7 3278 9658 6362 5732 4898 5072 1137 
8 7535 9474 5124 5350 6564 18 8948 4399 
8 6399 5426 332 9687 7511 7930 4015 1808 
7 2556 680 7037 9471 7127 9257 7059 
9 6340 2480 4819 3828 8254 8881 6217 5138 7450 
7 5764 1685 9621 1229 1936 8215 4241 
6 5064 5008 3439 1481 2300 4122 
6 7198 507 813 9245 7410 5471 
9 9071 5782 5391 9929 1108 1400 8949 1322 3712 
8 6794 6884 1512 8357 9760 1849 2876 2363 
7 4863 6907 7707 8906 1615 5334 8633 
7 8029 5394 5158 2214 2998 9608 7969 
9 6536 2589 3722 524 6495 952 5346 3277 4900 
10 1102 1046 9836 1709 285 5171 4572 776 6644 5376 
8 568 9313 8334 6259 4172 6616 2499 5179 
10 2735 6173 212 3292 6256 4175 1940 2454 8900 4865 
8 7020 6244 8667 5211 6274 2630 6152 4095 
9 4205 550 7630 1428 1947 588 8341 6830 3848 
11 726 7816 3232 8493 8857 7782 7497 9644 1333 5294 3745 
11 1992 1430 5920 3740 5021 3116 620 3296 7836 548 913 
11 5887 2523 1949 9810 155 9943 5152 3676 592 2070 6934 
8 8620 209 946 7195 6543 8061 2858 4242 
9 2056 4078 9160 194 9232 9672 2474 7733 7878 
10 7329 7380 1326 7342 183 6297 2549 1847 8704 1633 
11 5693 2026 2695 2021 9649 4051 9381 4991 631 5653 2358 
8 3138 1835 8892 7579 4415 6225 4069 784 
9 3371 4507 6680 2768 4012 8759 329 5412 7918 
8 4107 2857 7536 2075 5062 5877 2337 8654 
9 2132 6699 2684 1538 7200 5683 6311 3492 8196 
8 493 2122 7363 6416 14 3624 7720 2487 
7 5809 7556 1854 5365 8389 3741 6349 
7 5815 1132 7510 3519 5326 1056 9726 
9 3990 6793 9392 4584 8471 977 301 7688 73 
7 5994 3216 3805 8153 1582 1007 5461 
9 5868 9084 9495 1228 9153 4482 1180 5198 3771 
6 4569 657 9578 5812 1367 6099 
5 5662 4439 6075 4844 7524 
7 8458 6462 5222 2984 984 4281 7069 
10 8940 2495 9478 1561 5260 5509 8986 4000 1659 8923 
11 1363 1111 2330 4121 3432 1889 2561 8107 2698 6104 8770 
10 268 6381 5934 8481 9933 5762 4753 9184 7189 5176 
10 8086 6562 3731 4992 5330 5384 189 7408 2155 4286 
8 4228 3699 2285 2092 3179 8561 2902 7391 
8 6247 5794 7699 1918 8702 9714 8201 2579 
8 7267 2642 9456 5898 2283 6725 8202 8622 
7 9199 6966 47 9924 9047 6470 5895 
10 1209 6694 4433 8237 8822 7671 5518 5664 702 1663 
8 7014 4854 9682 4235 4152 1077 488 3688 
9 2782 5457 6567 871 9588 3056 7788 579 464 
11 4494 7934 7316 6062 1524 8231 9788 4231 3703 4599 3286 
8 9497 4877 9397 4385 2063 6306 7744 2773 
8 2706 9100 6974 1554 6887 3227 4751 8156 
8 76 5908 4824 3166 5580 148 6465 8572 
11 3090 400 967 2670 6563 7926 8565 8828 2933 8885 7338 
8 8342 8188 9376 5080 6868 9997 8891 2509 
10 856 5250 2680 1431 5738 2162 539 26 6687 5647 
10 4953 2031 2470 4624 8995 4123 2923 4212 1354 7036 
11 7768 7643 3534 5502 2142 7125 3594 4174 2342 2096 748 
9 2893 9784 8115 288 243 2966 6214 3611 8001 
10 7811 8902 35 1474 698 9083 2405 1703 1341 9878 
9 5847 8194 2173 8936 5830 2749 6301 5637 8304 
8 8292 4511 1346 5763 324 7859 78 5652 
8 6239 2645 8564 2004 985 7476 4261 9146 
10 4379 210 6133 4840 5094 2263 5320 9664 8538 4140 
9 8509 7019 928 5223 9883 6501 1542 2032 8870 
11 4687 3396 4788 3512 2240 815 7659 1303 5373 762 1691 
7 734 7627 558 4380 8998 6769 6291 
10 7657 8448 6618 6116 1034 7094 21 1772 8508 9765 
8 7319 686 2406 9295 9659 8006 8113 1446 
10 8566 7102 8820 7610 6755 2546 3844 360 6384 926 
8 6160 991 8549 1781 5475 4952 9770 7460 
5 141 7090 7775 1579 2251 
8 6630 4730 8170 7142 9826 2433 3959 8441 
11 3169 2216 2128 3368 43 5608 4862 1144 7242 685 9931 
10 5626 156 9586 6009 1780 2071 5980 323 5020 1254 
9 1755 3181 8298 3537 1033 880 5322 5470 1705 
8 6582 7588 2124 1280 1225 9756 4812 5423 
8 3398 4074 6678 5801 9540 4808 1935 6917 
7 7557 7078 6550 2247 2136 9755 3737 
5 7490 9338 1623 7393 8666 
10 3779 1553 1944 7757 7672 8010 80 538 6795 669 
12 1142 921 3773 3952 8798 6674 5532 5098 4672 4678 962 2658 
9 8024 9402 582 4204 8284 5103 9903 4510 7467 
10 5540 7546 6409 6102 8121 6431 8619 4054 2822 1645 
9 2315 1860 6155 3829 4436 8344 6717 9398 6191 
8 3540 4857 2018 4082 7623 1462 7157 124 
9 7663 7194 9322 938 3060 7747 5949 4820 5961 
9 1024 2338 7191 1051 4274 2178 9833 7520 7986 
9 5017 9238 1551 9894 3868 8526 3889 1204 9005 
9 2742 4072 9179 4144 7071 2592 165 2840 144 
8 6662 5465 9026 3472 1818 5819 5758 3033 
10 7555 5380 3338 6669 1094 1525 2091 2376 2202 4622 
9 6004 2754 8506 3682 2416 2894 3001 4931 1878 
12 4080 497 4657 7000 7277 6282 1925 8064 8249 6761 3229 8907 
11 2774 7174 5287 7296 6602 3323 651 3081 4779 2922 4298 
10 3527 8978 3445 1323 9152 8410 6287 8838 9739 5232 
9 533 957 2729 4358 5660 788 4768 535 2815 
13 1492 1273 1866 6066 9513 8009 7210 7521 4548 9542 8837 4735 5248 
11 6053 7193 4832 8767 5347 3570 367 1 441 2819 836 
10 3017 8464 6473 8609 2462 9453 427 3256 9599 1213 
9 9267 4704 2461 2368 4773 9861 1919 9058 6355 
8 4648 8167 7250 2668 3363 7023 9615 9567 
12 5161 6412 3453 876 6634 4345 5181 2889 470 6046 6994 5173 
